<?xml version="1.0" encoding="UTF-8"?>
<testsuite name="APIAutomationFramework"
           tests="4"
           failures="0"
           errors="0"
           skipped="0"
           time="28.631">
    <properties></properties>



            <testcase
                name="testCreateBooking"
                time="23.955"
                classname="org.example.Tests.Integration.TCIntegration1">
            </testcase>
            <testcase
                name="testVerifyBookingByID"
                time="0.082"
                classname="org.example.Tests.Integration.TCIntegration1">
            </testcase>
            <testcase
                name="testUpdateBookingByID"
                time="2.842"
                classname="org.example.Tests.Integration.TCIntegration1">
            </testcase>
            <testcase
                name="testDeleteBookingByID"
                time="1.752"
                classname="org.example.Tests.Integration.TCIntegration1">
            </testcase>
</testsuite>
