<?xml version="1.0" encoding="UTF-8"?>
<testsuite name="APIAutomationFramework"
           tests="2"
           failures="0"
           errors="0"
           skipped="0"
           time="33.995">
    <properties></properties>



            <testcase
                name="testCreateBooking"
                time="31.932"
                classname="org.example.Tests.CRUD.CreateBooking">
            </testcase>
            <testcase
                name="testCreateBookingNegative"
                time="2.063"
                classname="org.example.Tests.CRUD.CreateBooking">
            </testcase>
</testsuite>
